<?xml version="1.0" encoding="UTF-8"?>
<testng-results ignored="0" total="1" passed="1" failed="0" skipped="0">
  <reporter-output>
  </reporter-output>
  <suite started-at="2024-12-09T15:29:19 IST" name="Default suite" finished-at="2024-12-09T15:30:02 IST" duration-ms="42811">
    <groups>
    </groups>
    <test started-at="2024-12-09T15:29:19 IST" name="Default test" finished-at="2024-12-09T15:30:02 IST" duration-ms="42811">
      <class name="test.Tc3_createAccount">
        <test-method is-config="true" signature="reportInitilization()[pri:0, instance:test.Tc3_createAccount@38afe297]" started-at="2024-12-09T15:29:19 IST" name="reportInitilization" finished-at="2024-12-09T15:29:19 IST" duration-ms="467" status="PASS">
          <reporter-output>
          </reporter-output>
        </test-method> <!-- reportInitilization -->
        <test-method is-config="true" signature="browserLanch()[pri:0, instance:test.Tc3_createAccount@38afe297]" started-at="2024-12-09T15:29:19 IST" name="browserLanch" finished-at="2024-12-09T15:29:26 IST" duration-ms="6708" status="PASS">
          <reporter-output>
          </reporter-output>
        </test-method> <!-- browserLanch -->
        <test-method is-config="true" signature="setup()[pri:0, instance:test.Tc3_createAccount@38afe297]" started-at="2024-12-09T15:29:26 IST" name="setup" finished-at="2024-12-09T15:29:26 IST" depends-on-methods="base.BaseBB.browserLanch" duration-ms="1" status="PASS">
          <reporter-output>
          </reporter-output>
        </test-method> <!-- setup -->
        <test-method is-config="true" signature="testDetails()[pri:0, instance:test.Tc3_createAccount@38afe297]" started-at="2024-12-09T15:29:26 IST" name="testDetails" finished-at="2024-12-09T15:29:26 IST" duration-ms="20" status="PASS">
          <reporter-output>
          </reporter-output>
        </test-method> <!-- testDetails -->
        <test-method signature="createAccount(java.lang.String,java.lang.String,java.lang.String,java.lang.String,java.lang.String,java.lang.String)[pri:3, instance:test.Tc3_createAccount@38afe297]" started-at="2024-12-09T15:29:28 IST" name="createAccount" data-provider="readData" finished-at="2024-12-09T15:30:02 IST" duration-ms="33370" status="PASS">
          <params>
            <param index="0">
              <value>
                <![CDATA[Nikhil]]>
              </value>
            </param>
            <param index="1">
              <value>
                <![CDATA[Kumar]]>
              </value>
            </param>
            <param index="2">
              <value>
                <![CDATA[nikhilk139@gmail.com]]>
              </value>
            </param>
            <param index="3">
              <value>
                <![CDATA[harifz_1998]]>
              </value>
            </param>
            <param index="4">
              <value>
                <![CDATA[harifz_1998]]>
              </value>
            </param>
            <param index="5">
              <value>
                <![CDATA[7562048266]]>
              </value>
            </param>
          </params>
          <reporter-output>
          </reporter-output>
        </test-method> <!-- createAccount -->
        <test-method is-config="true" signature="browserClose()[pri:0, instance:test.Tc3_createAccount@38afe297]" started-at="2024-12-09T15:30:02 IST" name="browserClose" finished-at="2024-12-09T15:30:02 IST" duration-ms="502" status="PASS">
          <reporter-output>
          </reporter-output>
        </test-method> <!-- browserClose -->
        <test-method is-config="true" signature="reportClose()[pri:0, instance:test.Tc3_createAccount@38afe297]" started-at="2024-12-09T15:30:02 IST" name="reportClose" finished-at="2024-12-09T15:30:03 IST" duration-ms="769" status="PASS">
          <reporter-output>
          </reporter-output>
        </test-method> <!-- reportClose -->
      </class> <!-- test.Tc3_createAccount -->
    </test> <!-- Default test -->
  </suite> <!-- Default suite -->
</testng-results>
